Arguments: 
  C:\Program Files\nodejs\node.exe C:\Users\Wizdave\AppData\Roaming\npm\node_modules\yarn\bin\yarn.js install

PATH: 
  C:\Python27\;C:\Python27\Scripts;C:\Program Files (x86)\Common Files\Oracle\Java\javapath;C:\WINDOWS\system32;C:\WINDOWS;C:\WINDOWS\System32\Wbem;C:\WINDOWS\System32\WindowsPowerShell\v1.0\;C:\Program Files (x86)\Windows Kits\8.1\Windows Performance Toolkit\;C:\WINDOWS\System32\OpenSSH\;C:\Program Files\Git\cmd;C:\xampp\php;C:\Program Files\MATLAB\MATLAB Production Server\R2015a\runtime\win64;C:\Program Files\MATLAB\MATLAB Production Server\R2015a\bin;C:\Program Files\nodejs\;C:\ProgramData\chocolatey\bin;C:\Users\Wizdave\.cargo\bin;C:\Users\Wizdave\AppData\Local\Microsoft\WindowsApps;C:\Users\Wizdave\AppData\Local\Programs\Microsoft VS Code\bin;C:\Program Files\heroku\bin;C:\ProgramData\Anaconda3;C:\ProgramData\Anaconda3\Scripts;C:\Program Files\PostgreSQL\11\bin;C:\Users\Wizdave\AppData\Local\Android\Sdk\platform-tools;C:\Users\Wizdave\AppData\Roaming\npm

Yarn version: 
  1.21.1

Node version: 
  12.14.0

Platform: 
  win32 x64

Trace: 
  Error: EPERM: operation not permitted, copyfile 'C:\Users\Wizdave\AppData\Local\Yarn\Cache\v6\npm-@types-bluebird-3.5.29-7cd933c902c4fc83046517a1bef973886d00bdb6-integrity\node_modules\@types\bluebird\index.d.ts' -> 'C:\Users\Wizdave\udacity-git-course\node-masterclass\we-converse\server\node_modules\@types\bluebird\index.d.ts'

npm manifest: 
  {
    "name": "server",
    "version": "0.0.0",
    "private": true,
    "scripts": {
      "start": "if-env NODE_ENV=production && yarn run build:live:prod || yarn run build:live:dev",
      "build:live:dev": "nodemon --exec ts-node -- ./src/bin/www.js",
      "build:live:prod": "tsc ./src/bin/www && node ./lib/bin/www"
    },
    "dependencies": {
      "cookie-parser": "~1.4.4",
      "debug": "~2.6.9",
      "express": "~4.16.1",
      "http-errors": "~1.6.3",
      "if-env": "^1.0.4",
      "jade": "~1.11.0",
      "morgan": "~1.9.1",
      "pg": "^7.14.0",
      "pg-hstore": "^2.3.3",
      "sequelize": "^5.21.2",
      "sequelize-cli": "^5.5.1",
      "socket.io": "^2.3.0"
    },
    "devDependencies": {
      "nodemon": "^2.0.1",
      "@types/node": "^12.12.15",
      "@types/sequelize": "^4.28.8",
      "@types/socket.io": "^2.1.4",
      "@types/bluebird": "^3.5.29",
      "@types/express": "^4.17.2",
      "@types/validator": "^12.0.1"
    },
    "nodemonConfig":{
      "ext":"js,ts,json",
      "ignore":["node_modules/**/*","./lib/**/*"]
    }
  }

yarn manifest: 
  No manifest

Lockfile: 
  No lockfile
